TN:
SF:/home/raynner_telecom/gitlab/SE-206/raynner-schnneider-carvalho/tp-tdd/src/LightControlSpy.c
FN:6,LightControlSpy_getLastLightId
FNDA:32,LightControlSpy_getLastLightId
FN:10,LightControlSpy_getLastState
FNDA:31,LightControlSpy_getLastState
FN:14,LightControl_init
FNDA:36,LightControl_init
FN:19,LightControl_on
FNDA:10,LightControl_on
FN:24,LightControl_off
FNDA:7,LightControl_off
FN:29,LightControl_destroy
FNDA:21,LightControl_destroy
DA:6,32
DA:7,32
DA:10,31
DA:11,31
DA:14,36
DA:15,36
DA:16,36
DA:17,36
DA:19,10
DA:20,10
DA:21,10
DA:22,10
DA:24,7
DA:25,7
DA:26,7
DA:27,7
DA:29,21
DA:30,21
DA:31,21
end_of_record
TN:
SF:/home/raynner_telecom/gitlab/SE-206/raynner-schnneider-carvalho/tp-tdd/src/LightScheduler.c
FN:15,LightScheduler_Init
FNDA:14,LightScheduler_Init
FN:23,LightScheduler_Destroy
FNDA:14,LightScheduler_Destroy
FN:31,LightScheduler_Wakeup
FNDA:33,LightScheduler_Wakeup
FN:51,LightScheduler_CreateEvent
FNDA:273,LightScheduler_CreateEvent
FN:73,LightScheduler_RemoveEvent
FNDA:3,LightScheduler_RemoveEvent
FN:92,removeSchedule
FNDA:3,removeSchedule
FN:97,scheduleEvent
FNDA:273,scheduleEvent
FN:102,scheduleTurnOn
FNDA:268,scheduleTurnOn
FN:107,scheduleTurnOff
FNDA:5,scheduleTurnOff
FN:112,scheduleTurnOnEveryDay
FNDA:1,scheduleTurnOnEveryDay
FN:118,scheduleTurnOffEveryDay
FNDA:1,scheduleTurnOffEveryDay
FN:124,scheduleTurnOnWeekend
FNDA:1,scheduleTurnOnWeekend
FN:130,scheduleTurnOffWeekend
FNDA:1,scheduleTurnOffWeekend
FN:136,scheduleTurnOnWeekday
FNDA:1,scheduleTurnOnWeekday
FN:142,scheduleTurnOffWeekday
FNDA:1,scheduleTurnOffWeekday
FN:148,isEventDayMatch
FNDA:286,isEventDayMatch
FN:156,isEventTimeMatch
FNDA:20,isEventTimeMatch
FN:161,resetLightSchedulerEvents
FNDA:28,resetLightSchedulerEvents
DA:15,14
DA:17,14
DA:18,14
DA:19,14
DA:20,14
DA:21,14
DA:23,14
DA:25,14
DA:26,14
DA:27,14
DA:28,14
DA:29,14
DA:31,33
DA:34,33
DA:35,8481
DA:37,8448
DA:39,306
DA:40,20
DA:42,16
DA:43,9
DA:44,7
DA:45,7
DA:49,33
DA:51,273
DA:53,273
DA:54,2
DA:56,271
DA:57,2
DA:59,33166
DA:61,33165
DA:63,268
DA:64,268
DA:65,268
DA:66,268
DA:67,268
DA:70,1
DA:73,3
DA:75,3
DA:76,1
DA:78,258
DA:80,257
DA:81,3
DA:82,1
DA:84,1
DA:85,1
DA:86,1
DA:89,1
DA:92,3
DA:94,3
DA:97,273
DA:99,273
DA:102,268
DA:104,268
DA:107,5
DA:109,5
DA:112,1
DA:114,1
DA:115,1
DA:118,1
DA:120,1
DA:121,1
DA:124,1
DA:126,1
DA:127,1
DA:130,1
DA:132,1
DA:133,1
DA:136,1
DA:138,1
DA:139,1
DA:142,1
DA:144,1
DA:145,1
DA:148,286
DA:150,280
DA:151,274
DA:152,572
DA:153,6
DA:156,20
DA:158,20
DA:161,28
DA:163,7196
DA:164,7168
DA:165,28
DA:166,28
end_of_record
