TN:
SF:/home/raynner_telecom/gitlab/SE-206/raynner-schnneider-carvalho/tp-tdd/src/LightControlSpy.c
FN:6,LightControlSpy_getLastLightId
FN:10,LightControlSpy_getLastState
FN:14,LightControl_init
FN:19,LightControl_on
FN:24,LightControl_off
FN:29,LightControl_destroy
FNDA:41,LightControl_destroy
FNDA:19,LightControl_on
FNDA:70,LightControl_init
FNDA:14,LightControl_off
FNDA:60,LightControlSpy_getLastState
FNDA:62,LightControlSpy_getLastLightId
FNF:6
FNH:6
DA:6,62
DA:7,62
DA:10,60
DA:11,60
DA:14,70
DA:15,70
DA:16,70
DA:17,70
DA:19,19
DA:20,19
DA:21,19
DA:22,19
DA:24,14
DA:25,14
DA:26,14
DA:27,14
DA:29,41
DA:30,41
DA:31,41
LF:19
LH:19
end_of_record
TN:
SF:/home/raynner_telecom/gitlab/SE-206/raynner-schnneider-carvalho/tp-tdd/src/LightScheduler.c
FN:15,LightScheduler_Init
FN:23,LightScheduler_Destroy
FN:31,LightScheduler_Wakeup
FN:51,LightScheduler_CreateEvent
FN:73,LightScheduler_RemoveEvent
FN:92,removeSchedule
FN:97,scheduleEvent
FN:102,scheduleTurnOn
FN:107,scheduleTurnOff
FN:112,scheduleTurnOnEveryDay
FN:118,scheduleTurnOffEveryDay
FN:124,scheduleTurnOnWeekend
FN:130,scheduleTurnOffWeekend
FN:136,scheduleTurnOnWeekday
FN:142,scheduleTurnOffWeekday
FN:148,isEventDayMatch
FN:156,isEventTimeMatch
FN:161,resetLightSchedulerEvents
FNDA:6,removeSchedule
FNDA:2,scheduleTurnOffWeekday
FNDA:10,scheduleTurnOff
FNDA:56,resetLightSchedulerEvents
FNDA:2,scheduleTurnOffWeekend
FNDA:546,scheduleEvent
FNDA:6,LightScheduler_RemoveEvent
FNDA:546,LightScheduler_CreateEvent
FNDA:536,scheduleTurnOn
FNDA:2,scheduleTurnOnWeekday
FNDA:66,LightScheduler_Wakeup
FNDA:2,scheduleTurnOnWeekend
FNDA:28,LightScheduler_Destroy
FNDA:40,isEventTimeMatch
FNDA:2,scheduleTurnOnEveryDay
FNDA:572,isEventDayMatch
FNDA:28,LightScheduler_Init
FNDA:2,scheduleTurnOffEveryDay
FNF:18
FNH:18
DA:15,28
DA:17,28
DA:18,28
DA:19,28
DA:20,28
DA:21,28
DA:23,28
DA:25,28
DA:26,28
DA:27,28
DA:28,28
DA:29,28
DA:31,66
DA:34,66
DA:35,16962
DA:37,16896
DA:39,612
DA:40,40
DA:42,32
DA:43,18
DA:44,14
DA:45,14
DA:49,66
DA:51,546
DA:53,546
DA:54,4
DA:56,542
DA:57,4
DA:59,66332
DA:61,66330
DA:63,536
DA:64,536
DA:65,536
DA:66,536
DA:67,536
DA:70,2
DA:73,6
DA:75,6
DA:76,2
DA:78,516
DA:80,514
DA:81,6
DA:82,2
DA:84,2
DA:85,2
DA:86,2
DA:89,2
DA:92,6
DA:94,6
DA:97,546
DA:99,546
DA:102,536
DA:104,536
DA:107,10
DA:109,10
DA:112,2
DA:114,2
DA:115,2
DA:118,2
DA:120,2
DA:121,2
DA:124,2
DA:126,2
DA:127,2
DA:130,2
DA:132,2
DA:133,2
DA:136,2
DA:138,2
DA:139,2
DA:142,2
DA:144,2
DA:145,2
DA:148,572
DA:150,560
DA:151,548
DA:152,1144
DA:153,12
DA:156,40
DA:158,40
DA:161,56
DA:163,14392
DA:164,14336
DA:165,56
DA:166,56
LF:85
LH:85
end_of_record
